<?xml version="1.0" encoding="UTF-8"?>
<testsuite xmlns:xsi="http://www.w3.org/2001/XMLSchema-instance" xsi:noNamespaceSchemaLocation="https://maven.apache.org/surefire/maven-surefire-plugin/xsd/surefire-test-report-3.0.xsd" version="3.0" name="com.eduardonowa.aem.models.HeroBannerModelTest" time="0.037" tests="5" errors="0" skipped="0" failures="0">
  <properties>
[...]
</properties>
  <testcase name="isHasCta_returnsFalseWhenLinkMissing" classname="com.eduardonowa.aem.models.HeroBannerModelTest" time="0.02"/>
  <testcase name="isHasCta_returnsTrueWhenLabelAndLinkPresent" classname="com.eduardonowa.aem.models.HeroBannerModelTest" time="0.001"/>
  <testcase name="getTitle_returnsDefaultWhenBlank" classname="com.eduardonowa.aem.models.HeroBannerModelTest" time="0.002"/>
  <testcase name="getSubtitle_returnsNullWhenUnset" classname="com.eduardonowa.aem.models.HeroBannerModelTest" time="0.0"/>
  <testcase name="getTitle_returnsAuthorValueWhenPresent" classname="com.eduardonowa.aem.models.HeroBannerModelTest" time="0.001"/>
</testsuite>